0 info it worked if it ends with ok
1 verbose cli [ 'D:\\Program Files\\nodejs\\node.exe',
1 verbose cli   'D:\\Program Files\\nodejs\\node_modules\\npm\\bin\\npm-cli.js',
1 verbose cli   'start' ]
2 info using npm@3.8.9
3 info using node@v6.2.0
4 verbose run-script [ 'prestart', 'start', 'poststart' ]
5 info lifecycle mean@1.0.0~prestart: mean@1.0.0
6 silly lifecycle mean@1.0.0~prestart: no script for prestart, continuing
7 info lifecycle mean@1.0.0~start: mean@1.0.0
8 verbose lifecycle mean@1.0.0~start: unsafe-perm in lifecycle true
9 verbose lifecycle mean@1.0.0~start: PATH: D:\Program Files\nodejs\node_modules\npm\bin\node-gyp-bin;D:\work\Infosys\sila\server\node_modules\.bin;D:\Program Files\nodejs;C:\Python27;D:\app\Simon_Zhang01\product\11.2.0\dbhome_1\bin;C:\ProgramData\Oracle\Java\javapath;C:\windows\system32;C:\windows;C:\windows\System32\Wbem;C:\windows\System32\WindowsPowerShell\v1.0\;d:\php7.0.6\;d:\php7.0.6\ext\;d:\Program Files\Git\cmd;D:\Program Files\nodejs\;D:\g\tools\mysql\mysql-5.6.24-win32\bin;C:\Program Files (x86)\Microsoft SQL Server\100\Tools\Binn\;C:\Program Files\Microsoft SQL Server\100\Tools\Binn\;C:\Program Files\Microsoft SQL Server\100\DTS\Binn\;C:\Users\simon_zhang01\AppData\Roaming\npm;d:\Program Files (x86)\Microsoft VS Code\bin
10 verbose lifecycle mean@1.0.0~start: CWD: D:\work\Infosys\sila\server
11 silly lifecycle mean@1.0.0~start: Args: [ '/d /s /c', 'node server.js' ]
12 silly lifecycle mean@1.0.0~start: Returned: code: 1  signal: null
13 info lifecycle mean@1.0.0~start: Failed to exec start script
14 verbose stack Error: mean@1.0.0 start: `node server.js`
14 verbose stack Exit status 1
14 verbose stack     at EventEmitter.<anonymous> (D:\Program Files\nodejs\node_modules\npm\lib\utils\lifecycle.js:245:16)
14 verbose stack     at emitTwo (events.js:106:13)
14 verbose stack     at EventEmitter.emit (events.js:191:7)
14 verbose stack     at ChildProcess.<anonymous> (D:\Program Files\nodejs\node_modules\npm\lib\utils\spawn.js:24:14)
14 verbose stack     at emitTwo (events.js:106:13)
14 verbose stack     at ChildProcess.emit (events.js:191:7)
14 verbose stack     at maybeClose (internal/child_process.js:850:16)
14 verbose stack     at Process.ChildProcess._handle.onexit (internal/child_process.js:215:5)
15 verbose pkgid mean@1.0.0
16 verbose cwd D:\work\Infosys\sila\server
17 error Windows_NT 6.1.7601
18 error argv "D:\\Program Files\\nodejs\\node.exe" "D:\\Program Files\\nodejs\\node_modules\\npm\\bin\\npm-cli.js" "start"
19 error node v6.2.0
20 error npm  v3.8.9
21 error code ELIFECYCLE
22 error mean@1.0.0 start: `node server.js`
22 error Exit status 1
23 error Failed at the mean@1.0.0 start script 'node server.js'.
23 error Make sure you have the latest version of node.js and npm installed.
23 error If you do, this is most likely a problem with the mean package,
23 error not with npm itself.
23 error Tell the author that this fails on your system:
23 error     node server.js
23 error You can get information on how to open an issue for this project with:
23 error     npm bugs mean
23 error Or if that isn't available, you can get their info via:
23 error     npm owner ls mean
23 error There is likely additional logging output above.
24 verbose exit [ 1, true ]
